<?xml version="1.0" encoding="UTF-8"?>
<testsuite xmlns:xsi="http://www.w3.org/2001/XMLSchema-instance" xsi:noNamespaceSchemaLocation="https://maven.apache.org/surefire/maven-surefire-plugin/xsd/surefire-test-report-3.0.xsd" version="3.0" name="TestSuite" time="0.318" tests="0" errors="0" skipped="0" failures="0">
  <properties>
    <property name="java.specification.version" value="17"/>
    <property name="sun.cpu.isalist" value="amd64"/>
    <property name="sun.jnu.encoding" value="Cp1252"/>
    <property name="java.class.path" value="C:\Users\poorn\Workspace Spring\APIFramework\target\test-classes;C:\Users\poorn\Workspace Spring\APIFramework\target\classes;C:\Users\poorn\.m2\repository\io\rest-assured\rest-assured\5.4.0\rest-assured-5.4.0.jar;C:\Users\poorn\.m2\repository\org\apache\groovy\groovy\4.0.16\groovy-4.0.16.jar;C:\Users\poorn\.m2\repository\org\apache\groovy\groovy-xml\4.0.16\groovy-xml-4.0.16.jar;C:\Users\poorn\.m2\repository\org\apache\httpcomponents\httpclient\4.5.13\httpclient-4.5.13.jar;C:\Users\poorn\.m2\repository\org\apache\httpcomponents\httpcore\4.4.13\httpcore-4.4.13.jar;C:\Users\poorn\.m2\repository\commons-logging\commons-logging\1.2\commons-logging-1.2.jar;C:\Users\poorn\.m2\repository\commons-codec\commons-codec\1.11\commons-codec-1.11.jar;C:\Users\poorn\.m2\repository\org\apache\httpcomponents\httpmime\4.5.13\httpmime-4.5.13.jar;C:\Users\poorn\.m2\repository\org\hamcrest\hamcrest\2.2\hamcrest-2.2.jar;C:\Users\poorn\.m2\repository\org\ccil\cowan\tagsoup\tagsoup\1.2.1\tagsoup-1.2.1.jar;C:\Users\poorn\.m2\repository\io\rest-assured\json-path\5.4.0\json-path-5.4.0.jar;C:\Users\poorn\.m2\repository\org\apache\groovy\groovy-json\4.0.16\groovy-json-4.0.16.jar;C:\Users\poorn\.m2\repository\io\rest-assured\rest-assured-common\5.4.0\rest-assured-common-5.4.0.jar;C:\Users\poorn\.m2\repository\io\rest-assured\xml-path\5.4.0\xml-path-5.4.0.jar;C:\Users\poorn\.m2\repository\org\apache\commons\commons-lang3\3.11\commons-lang3-3.11.jar;C:\Users\poorn\.m2\repository\io\cucumber\cucumber-java\7.18.0\cucumber-java-7.18.0.jar;C:\Users\poorn\.m2\repository\io\cucumber\cucumber-core\7.18.0\cucumber-core-7.18.0.jar;C:\Users\poorn\.m2\repository\io\cucumber\cucumber-gherkin\7.18.0\cucumber-gherkin-7.18.0.jar;C:\Users\poorn\.m2\repository\io\cucumber\cucumber-gherkin-messages\7.18.0\cucumber-gherkin-messages-7.18.0.jar;C:\Users\poorn\.m2\repository\io\cucumber\gherkin\28.0.0\gherkin-28.0.0.jar;C:\Users\poorn\.m2\repository\io\cucumber\messages\24.1.0\messages-24.1.0.jar;C:\Users\poorn\.m2\repository\io\cucumber\testng-xml-formatter\0.1.0\testng-xml-formatter-0.1.0.jar;C:\Users\poorn\.m2\repository\io\cucumber\query\12.1.2\query-12.1.2.jar;C:\Users\poorn\.m2\repository\io\cucumber\tag-expressions\6.1.0\tag-expressions-6.1.0.jar;C:\Users\poorn\.m2\repository\io\cucumber\cucumber-expressions\17.1.0\cucumber-expressions-17.1.0.jar;C:\Users\poorn\.m2\repository\io\cucumber\datatable\7.18.0\datatable-7.18.0.jar;C:\Users\poorn\.m2\repository\io\cucumber\cucumber-plugin\7.18.0\cucumber-plugin-7.18.0.jar;C:\Users\poorn\.m2\repository\io\cucumber\docstring\7.18.0\docstring-7.18.0.jar;C:\Users\poorn\.m2\repository\io\cucumber\html-formatter\21.3.1\html-formatter-21.3.1.jar;C:\Users\poorn\.m2\repository\io\cucumber\junit-xml-formatter\0.4.0\junit-xml-formatter-0.4.0.jar;C:\Users\poorn\.m2\repository\io\cucumber\ci-environment\10.0.1\ci-environment-10.0.1.jar;C:\Users\poorn\.m2\repository\org\apiguardian\apiguardian-api\1.1.2\apiguardian-api-1.1.2.jar;C:\Users\poorn\.m2\repository\org\testng\testng\7.10.2\testng-7.10.2.jar;C:\Users\poorn\.m2\repository\com\beust\jcommander\1.82\jcommander-1.82.jar;C:\Users\poorn\.m2\repository\org\webjars\jquery\3.7.1\jquery-3.7.1.jar;C:\Users\poorn\.m2\repository\org\apache\maven\plugins\maven-surefire-plugin\3.3.0\maven-surefire-plugin-3.3.0.jar;C:\Users\poorn\.m2\repository\org\apache\maven\surefire\surefire-api\3.3.0\surefire-api-3.3.0.jar;C:\Users\poorn\.m2\repository\org\apache\maven\surefire\surefire-logger-api\3.3.0\surefire-logger-api-3.3.0.jar;C:\Users\poorn\.m2\repository\org\apache\maven\surefire\surefire-shared-utils\3.3.0\surefire-shared-utils-3.3.0.jar;C:\Users\poorn\.m2\repository\org\apache\maven\surefire\surefire-extensions-api\3.3.0\surefire-extensions-api-3.3.0.jar;C:\Users\poorn\.m2\repository\org\apache\maven\surefire\maven-surefire-common\3.3.0\maven-surefire-common-3.3.0.jar;C:\Users\poorn\.m2\repository\org\apache\maven\surefire\surefire-booter\3.3.0\surefire-booter-3.3.0.jar;C:\Users\poorn\.m2\repository\org\apache\maven\surefire\surefire-extensions-spi\3.3.0\surefire-extensions-spi-3.3.0.jar;C:\Users\poorn\.m2\repository\org\apache\maven\resolver\maven-resolver-util\1.4.1\maven-resolver-util-1.4.1.jar;C:\Users\poorn\.m2\repository\org\apache\maven\resolver\maven-resolver-api\1.4.1\maven-resolver-api-1.4.1.jar;C:\Users\poorn\.m2\repository\org\apache\maven\shared\maven-common-artifact-filters\3.4.0\maven-common-artifact-filters-3.4.0.jar;C:\Users\poorn\.m2\repository\org\codehaus\plexus\plexus-java\1.2.0\plexus-java-1.2.0.jar;C:\Users\poorn\.m2\repository\org\ow2\asm\asm\9.6\asm-9.6.jar;C:\Users\poorn\.m2\repository\com\thoughtworks\qdox\qdox\2.0.3\qdox-2.0.3.jar;C:\Users\poorn\.m2\repository\org\slf4j\slf4j-simple\2.0.13\slf4j-simple-2.0.13.jar;C:\Users\poorn\.m2\repository\org\slf4j\slf4j-api\2.0.13\slf4j-api-2.0.13.jar;C:\Users\poorn\.m2\repository\ch\qos\reload4j\reload4j\1.2.22\reload4j-1.2.22.jar;C:\Users\poorn\.m2\repository\com\fasterxml\jackson\core\jackson-databind\2.17.1\jackson-databind-2.17.1.jar;C:\Users\poorn\.m2\repository\com\fasterxml\jackson\core\jackson-annotations\2.17.1\jackson-annotations-2.17.1.jar;C:\Users\poorn\.m2\repository\com\fasterxml\jackson\core\jackson-core\2.17.1\jackson-core-2.17.1.jar;C:\Users\poorn\.m2\repository\io\cucumber\cucumber-junit\7.18.0\cucumber-junit-7.18.0.jar;C:\Users\poorn\.m2\repository\junit\junit\4.13.2\junit-4.13.2.jar;C:\Users\poorn\.m2\repository\org\hamcrest\hamcrest-core\1.3\hamcrest-core-1.3.jar;"/>
    <property name="java.vm.vendor" value="Oracle Corporation"/>
    <property name="sun.arch.data.model" value="64"/>
    <property name="user.variant" value=""/>
    <property name="java.vendor.url" value="https://java.oracle.com/"/>
    <property name="user.timezone" value="America/Toronto"/>
    <property name="os.name" value="Windows 11"/>
    <property name="java.vm.specification.version" value="17"/>
    <property name="sun.java.launcher" value="SUN_STANDARD"/>
    <property name="user.country" value="CA"/>
    <property name="sun.boot.library.path" value="C:\Softwares\jdk-17_windows-x64_bin\jdk-17.0.2\bin"/>
    <property name="sun.java.command" value="C:\Users\poorn\AppData\Local\Temp\surefire9902875033010270507\surefirebooter-20240621154837521_3.jar C:\Users\poorn\AppData\Local\Temp\surefire9902875033010270507 2024-06-21T15-48-37_355-jvmRun1 surefire-20240621154837521_1tmp surefire_0-20240621154837521_2tmp"/>
    <property name="jdk.debug" value="release"/>
    <property name="surefire.test.class.path" value="C:\Users\poorn\Workspace Spring\APIFramework\target\test-classes;C:\Users\poorn\Workspace Spring\APIFramework\target\classes;C:\Users\poorn\.m2\repository\io\rest-assured\rest-assured\5.4.0\rest-assured-5.4.0.jar;C:\Users\poorn\.m2\repository\org\apache\groovy\groovy\4.0.16\groovy-4.0.16.jar;C:\Users\poorn\.m2\repository\org\apache\groovy\groovy-xml\4.0.16\groovy-xml-4.0.16.jar;C:\Users\poorn\.m2\repository\org\apache\httpcomponents\httpclient\4.5.13\httpclient-4.5.13.jar;C:\Users\poorn\.m2\repository\org\apache\httpcomponents\httpcore\4.4.13\httpcore-4.4.13.jar;C:\Users\poorn\.m2\repository\commons-logging\commons-logging\1.2\commons-logging-1.2.jar;C:\Users\poorn\.m2\repository\commons-codec\commons-codec\1.11\commons-codec-1.11.jar;C:\Users\poorn\.m2\repository\org\apache\httpcomponents\httpmime\4.5.13\httpmime-4.5.13.jar;C:\Users\poorn\.m2\repository\org\hamcrest\hamcrest\2.2\hamcrest-2.2.jar;C:\Users\poorn\.m2\repository\org\ccil\cowan\tagsoup\tagsoup\1.2.1\tagsoup-1.2.1.jar;C:\Users\poorn\.m2\repository\io\rest-assured\json-path\5.4.0\json-path-5.4.0.jar;C:\Users\poorn\.m2\repository\org\apache\groovy\groovy-json\4.0.16\groovy-json-4.0.16.jar;C:\Users\poorn\.m2\repository\io\rest-assured\rest-assured-common\5.4.0\rest-assured-common-5.4.0.jar;C:\Users\poorn\.m2\repository\io\rest-assured\xml-path\5.4.0\xml-path-5.4.0.jar;C:\Users\poorn\.m2\repository\org\apache\commons\commons-lang3\3.11\commons-lang3-3.11.jar;C:\Users\poorn\.m2\repository\io\cucumber\cucumber-java\7.18.0\cucumber-java-7.18.0.jar;C:\Users\poorn\.m2\repository\io\cucumber\cucumber-core\7.18.0\cucumber-core-7.18.0.jar;C:\Users\poorn\.m2\repository\io\cucumber\cucumber-gherkin\7.18.0\cucumber-gherkin-7.18.0.jar;C:\Users\poorn\.m2\repository\io\cucumber\cucumber-gherkin-messages\7.18.0\cucumber-gherkin-messages-7.18.0.jar;C:\Users\poorn\.m2\repository\io\cucumber\gherkin\28.0.0\gherkin-28.0.0.jar;C:\Users\poorn\.m2\repository\io\cucumber\messages\24.1.0\messages-24.1.0.jar;C:\Users\poorn\.m2\repository\io\cucumber\testng-xml-formatter\0.1.0\testng-xml-formatter-0.1.0.jar;C:\Users\poorn\.m2\repository\io\cucumber\query\12.1.2\query-12.1.2.jar;C:\Users\poorn\.m2\repository\io\cucumber\tag-expressions\6.1.0\tag-expressions-6.1.0.jar;C:\Users\poorn\.m2\repository\io\cucumber\cucumber-expressions\17.1.0\cucumber-expressions-17.1.0.jar;C:\Users\poorn\.m2\repository\io\cucumber\datatable\7.18.0\datatable-7.18.0.jar;C:\Users\poorn\.m2\repository\io\cucumber\cucumber-plugin\7.18.0\cucumber-plugin-7.18.0.jar;C:\Users\poorn\.m2\repository\io\cucumber\docstring\7.18.0\docstring-7.18.0.jar;C:\Users\poorn\.m2\repository\io\cucumber\html-formatter\21.3.1\html-formatter-21.3.1.jar;C:\Users\poorn\.m2\repository\io\cucumber\junit-xml-formatter\0.4.0\junit-xml-formatter-0.4.0.jar;C:\Users\poorn\.m2\repository\io\cucumber\ci-environment\10.0.1\ci-environment-10.0.1.jar;C:\Users\poorn\.m2\repository\org\apiguardian\apiguardian-api\1.1.2\apiguardian-api-1.1.2.jar;C:\Users\poorn\.m2\repository\org\testng\testng\7.10.2\testng-7.10.2.jar;C:\Users\poorn\.m2\repository\com\beust\jcommander\1.82\jcommander-1.82.jar;C:\Users\poorn\.m2\repository\org\webjars\jquery\3.7.1\jquery-3.7.1.jar;C:\Users\poorn\.m2\repository\org\apache\maven\plugins\maven-surefire-plugin\3.3.0\maven-surefire-plugin-3.3.0.jar;C:\Users\poorn\.m2\repository\org\apache\maven\surefire\surefire-api\3.3.0\surefire-api-3.3.0.jar;C:\Users\poorn\.m2\repository\org\apache\maven\surefire\surefire-logger-api\3.3.0\surefire-logger-api-3.3.0.jar;C:\Users\poorn\.m2\repository\org\apache\maven\surefire\surefire-shared-utils\3.3.0\surefire-shared-utils-3.3.0.jar;C:\Users\poorn\.m2\repository\org\apache\maven\surefire\surefire-extensions-api\3.3.0\surefire-extensions-api-3.3.0.jar;C:\Users\poorn\.m2\repository\org\apache\maven\surefire\maven-surefire-common\3.3.0\maven-surefire-common-3.3.0.jar;C:\Users\poorn\.m2\repository\org\apache\maven\surefire\surefire-booter\3.3.0\surefire-booter-3.3.0.jar;C:\Users\poorn\.m2\repository\org\apache\maven\surefire\surefire-extensions-spi\3.3.0\surefire-extensions-spi-3.3.0.jar;C:\Users\poorn\.m2\repository\org\apache\maven\resolver\maven-resolver-util\1.4.1\maven-resolver-util-1.4.1.jar;C:\Users\poorn\.m2\repository\org\apache\maven\resolver\maven-resolver-api\1.4.1\maven-resolver-api-1.4.1.jar;C:\Users\poorn\.m2\repository\org\apache\maven\shared\maven-common-artifact-filters\3.4.0\maven-common-artifact-filters-3.4.0.jar;C:\Users\poorn\.m2\repository\org\codehaus\plexus\plexus-java\1.2.0\plexus-java-1.2.0.jar;C:\Users\poorn\.m2\repository\org\ow2\asm\asm\9.6\asm-9.6.jar;C:\Users\poorn\.m2\repository\com\thoughtworks\qdox\qdox\2.0.3\qdox-2.0.3.jar;C:\Users\poorn\.m2\repository\org\slf4j\slf4j-simple\2.0.13\slf4j-simple-2.0.13.jar;C:\Users\poorn\.m2\repository\org\slf4j\slf4j-api\2.0.13\slf4j-api-2.0.13.jar;C:\Users\poorn\.m2\repository\ch\qos\reload4j\reload4j\1.2.22\reload4j-1.2.22.jar;C:\Users\poorn\.m2\repository\com\fasterxml\jackson\core\jackson-databind\2.17.1\jackson-databind-2.17.1.jar;C:\Users\poorn\.m2\repository\com\fasterxml\jackson\core\jackson-annotations\2.17.1\jackson-annotations-2.17.1.jar;C:\Users\poorn\.m2\repository\com\fasterxml\jackson\core\jackson-core\2.17.1\jackson-core-2.17.1.jar;C:\Users\poorn\.m2\repository\io\cucumber\cucumber-junit\7.18.0\cucumber-junit-7.18.0.jar;C:\Users\poorn\.m2\repository\junit\junit\4.13.2\junit-4.13.2.jar;C:\Users\poorn\.m2\repository\org\hamcrest\hamcrest-core\1.3\hamcrest-core-1.3.jar;"/>
    <property name="sun.cpu.endian" value="little"/>
    <property name="user.home" value="C:\Users\poorn"/>
    <property name="user.language" value="en"/>
    <property name="java.specification.vendor" value="Oracle Corporation"/>
    <property name="java.version.date" value="2022-01-18"/>
    <property name="java.home" value="C:\Softwares\jdk-17_windows-x64_bin\jdk-17.0.2"/>
    <property name="file.separator" value="\"/>
    <property name="basedir" value="C:\Users\poorn\Workspace Spring\APIFramework"/>
    <property name="java.vm.compressedOopsMode" value="Zero based"/>
    <property name="line.separator" value="&#10;"/>
    <property name="java.vm.specification.vendor" value="Oracle Corporation"/>
    <property name="java.specification.name" value="Java Platform API Specification"/>
    <property name="surefire.real.class.path" value="C:\Users\poorn\AppData\Local\Temp\surefire9902875033010270507\surefirebooter-20240621154837521_3.jar"/>
    <property name="user.script" value=""/>
    <property name="sun.management.compiler" value="HotSpot 64-Bit Tiered Compilers"/>
    <property name="java.runtime.version" value="17.0.2+8-LTS-86"/>
    <property name="user.name" value="poorn"/>
    <property name="path.separator" value=";"/>
    <property name="os.version" value="10.0"/>
    <property name="java.runtime.name" value="Java(TM) SE Runtime Environment"/>
    <property name="file.encoding" value="Cp1252"/>
    <property name="java.vm.name" value="Java HotSpot(TM) 64-Bit Server VM"/>
    <property name="localRepository" value="C:\Users\poorn\.m2\repository"/>
    <property name="java.vendor.url.bug" value="https://bugreport.java.com/bugreport/"/>
    <property name="java.io.tmpdir" value="C:\Users\poorn\AppData\Local\Temp\"/>
    <property name="java.version" value="17.0.2"/>
    <property name="user.dir" value="C:\Users\poorn\Workspace Spring\APIFramework"/>
    <property name="os.arch" value="amd64"/>
    <property name="java.vm.specification.name" value="Java Virtual Machine Specification"/>
    <property name="sun.os.patch.level" value=""/>
    <property name="native.encoding" value="Cp1252"/>
    <property name="java.library.path" value="C:\Softwares\jdk-17_windows-x64_bin\jdk-17.0.2\bin;C:\WINDOWS\Sun\Java\bin;C:\WINDOWS\system32;C:\WINDOWS;C:\Program Files\Java\jdk-19\bin;C:\Program Files\Common Files\Oracle\Java\javapath;C:\WINDOWS\system32;C:\WINDOWS;C:\WINDOWS\System32\Wbem;C:\WINDOWS\System32\WindowsPowerShell\v1.0\;C:\WINDOWS\System32\OpenSSH\;C:\Softwares\jdk-17_windows-x64_bin\jdk-17.0.2\bin;C:\Program Files\dotnet\;C:\java_programming\software\db-derby-10.16.1.1-bin\bin;C:\Work\Maven\apache-maven-3.9.5\bin;C:\Program Files\Amazon\AWSCLIV2\;C:\Softwares\apache-maven-3.9.6\bin;C:\Program Files\MySQL\MySQL Server 8.0\bin;C:\Program Files\Git\cmd;C:\Program Files\MySQL\MySQL Shell 8.0\bin\;C:\Users\poorn\AppData\Local\Microsoft\WindowsApps;;."/>
    <property name="java.vm.info" value="mixed mode, sharing"/>
    <property name="java.vendor" value="Oracle Corporation"/>
    <property name="java.vm.version" value="17.0.2+8-LTS-86"/>
    <property name="sun.io.unicode.encoding" value="UnicodeLittle"/>
    <property name="java.class.version" value="61.0"/>
  </properties>
</testsuite>